<?xml version="1.0" encoding="UTF-8" ?>
<testsuite errors="1" failures="0" hostname="P212" name="net.iesmila.ED.UF2.fabrica.LectorTest" skipped="0" tests="1" time="0.059" timestamp="2021-12-09T16:34:10">
  <properties>
[...]
</properties>
  <testcase classname="net.iesmila.ED.UF2.fabrica.LectorTest" name="testInformeText" time="0.009">
    <error message="No em puc connectar a Internet durant el test." type="java.lang.RuntimeException">java.lang.RuntimeException: No em puc connectar a Internet durant el test.
	at net.iesmila.ED.UF2.fabrica.DiccionariOnline.getTipusParaula(DiccionariOnline.java:11)
	at net.iesmila.ED.UF2.fabrica.Lector.extreuParaulesAmbDefinicio(Lector.java:22)
	at net.iesmila.ED.UF2.fabrica.LectorTest.testInformeText(LectorTest.java:19)
</error>
  </testcase>
  <system-out><![CDATA[]]></system-out>
  <system-err><![CDATA[]]></system-err>
</testsuite>
